cpu-bind=MASK - clus03, task  0  0 [62997]: mask 0xfff set


Debug: Parsing with Opari2
Executing> /soft/tau-2.29/x86_64/bin/opari2 --nosrc kmeans.c kmeans.pomp.c
Debug: Using compiler-based instrumentation


Debug: Compiling (Individually) with Instrumented Code
Executing> /soft/gcc-8.2.0/bin/gcc -I. -c kmeans.pomp.c -g -DPROFILING_ON -DTAU_GNU -DTAU_DOT_H_LESS_HEADERS -DTAU_LINUX_TIMERS -DTAU_LARGEFILE -D_LARGEFILE64_SOURCE -DTAU_BFD -DHAVE_GNU_DEMANGLE -DHAVE_TR1_HASH_MAP -DTAU_SS_ALLOC_SUPPORT -DEBS_CLOCK_RES=1 -DTAU_STRSIGNAL_OK -DTAU_TRACK_LD_LOADER -DTAU_OPENMP_NESTED -DTAU_USE_TLS -DTAU_ELF_BFD -fopenmp -DTAU_OPENMP -DTAU_UNIFY -I/include -I/soft/tau-2.29/include -o kmeans.pomp.o -g -finstrument-functions -finstrument-functions-exclude-file-list=/usr/include


Debug: Removing pompregions.c
Executing> /bin/rm -f pompregions.c


Debug: Creating pompregions.c
Executing> /usr/bin/nm -B kmeans.pomp.o | /usr/bin/grep -E -i POMP2_Init_reg | gawk -f /soft/tau-2.29/x86_64/bin/pomp2-parse-init-regions.awk > pompregions.c


Debug: Compiling pompregions.c
Executing> gcc -c -I/include -I/soft/tau-2.29/include -DPROFILING_ON -DTAU_GNU -DTAU_DOT_H_LESS_HEADERS -DTAU_LINUX_TIMERS -DTAU_LARGEFILE -D_LARGEFILE64_SOURCE -DTAU_BFD -DHAVE_GNU_DEMANGLE -DHAVE_TR1_HASH_MAP -DTAU_SS_ALLOC_SUPPORT -DEBS_CLOCK_RES=1 -DTAU_STRSIGNAL_OK -DTAU_TRACK_LD_LOADER -DTAU_OPENMP_NESTED -DTAU_USE_TLS -DTAU_ELF_BFD -fopenmp -DTAU_OPENMP -DTAU_UNIFY pompregions.c


Debug: Linking (Together) object files
Executing> /soft/gcc-8.2.0/bin/gcc pompregions.o kmeans.pomp.o -L/soft/tau-2.29/x86_64/lib -ltau-openmp-opari -L/soft/tau-2.29/x86_64/binutils-2.23.2/lib -L/soft/tau-2.29/x86_64/binutils-2.23.2/lib64 -Wl,-rpath,/soft/tau-2.29/x86_64/binutils-2.23.2/lib -Wl,-rpath,/soft/tau-2.29/x86_64/binutils-2.23.2/lib64 -lbfd -liberty -lz -ldl -Wl,--export-dynamic -lrt -ldl -ldl -lm -L/soft/gcc-8.2.0/lib/gcc/x86_64-pc-linux-gnu/8.2.0/ -lstdc++ -lgcc_s -L/soft/tau-2.29/x86_64/lib/static-openmp-opari -fopenmp -g -o kmeans_tau


Debug: Removing pompregions.c pompregions.o kmeans.c.opari.inc
Executing> /bin/rm -f pompregions.c pompregions.o kmeans.c.opari.inc

TEST = 1

WIDTH : 3840
HEIGHT: 2160
LENGHT: 8294400

STEP 1: K = 4
STEP 2: Init centroids
STEP 3: Updating centroids

Max number of threads: 1
Number of K-Means iterations: 22

Centroide 0 : R[37]	G[30]	B[25]
Centroide 1 : R[160]	G[144]	B[123]
Centroide 2 : R[218]	G[213]	B[201]
Centroide 3 : R[97]	G[81]	B[63]

Time to Kmeans is 40 seconds and 558628 microseconds, 40.558628
Checksum value = 12689895
Reading Profile files in profile.*

NODE 0;CONTEXT 0;THREAD 0:
---------------------------------------------------------------------------------------
%Time    Exclusive    Inclusive       #Call      #Subrs  Inclusive Name
              msec   total msec                          usec/call 
---------------------------------------------------------------------------------------
100.0           19       41,000           1           1   41000344 .TAU application
100.0        0.691       40,980           1           3   40980445 main 
 98.9        0.256       40,558           1          44   40558522 kmeans 
 98.9        0.163       40,557          22          22    1843541 parallelfor (parallel fork/join) [OpenMP location: file:/home/alumnos/cap/cap-23/Documents/Practiques/CAP_Practica1/kmeans.c <91, 101>]
 98.9        0.075       40,557          22          22    1843533 parallelfor (parallel begin/end) [OpenMP location: file:/home/alumnos/cap/cap-23/Documents/Practiques/CAP_Practica1/kmeans.c <91, 101>]
 98.9       40,522       40,557          22      100023    1843530 parallelfor (loop body) [OpenMP location: file:/home/alumnos/cap/cap-23/Documents/Practiques/CAP_Practica1/kmeans.c <91, 101>]
  1.0          421          421           1           0     421228 read_file 
  0.1           34           34      100001           0          0 find_closest_centroid [THROTTLED]
  0.0        0.153        0.367          22          22         17 parallelfor (parallel fork/join) [OpenMP location: file:/home/alumnos/cap/cap-23/Documents/Practiques/CAP_Practica1/kmeans.c <104, 114>]
  0.0        0.091        0.214          22          22         10 parallelfor (parallel begin/end) [OpenMP location: file:/home/alumnos/cap/cap-23/Documents/Practiques/CAP_Practica1/kmeans.c <104, 114>]
  0.0        0.144        0.144          22           0          7 parallelfor (barrier enter/exit) [OpenMP location: file:/home/alumnos/cap/cap-23/Documents/Practiques/CAP_Practica1/kmeans.c <91, 101>]
  0.0        0.104        0.123          22          22          6 parallelfor (loop body) [OpenMP location: file:/home/alumnos/cap/cap-23/Documents/Practiques/CAP_Practica1/kmeans.c <104, 114>]
  0.0        0.019        0.019          22           0          1 parallelfor (barrier enter/exit) [OpenMP location: file:/home/alumnos/cap/cap-23/Documents/Practiques/CAP_Practica1/kmeans.c <104, 114>]
  0.0        0.004        0.004           1           0          4 getChecksum 
