cpu-bind=MASK - clus01, task  0  0 [62550]: mask 0xfff set


Debug: Parsing with Opari2
Executing> /soft/tau-2.29/x86_64/bin/opari2 --nosrc kmeans.c kmeans.pomp.c
Debug: Using compiler-based instrumentation


Debug: Compiling (Individually) with Instrumented Code
Executing> /soft/gcc-8.2.0/bin/gcc -I. -c kmeans.pomp.c -g -DPROFILING_ON -DTAU_GNU -DTAU_DOT_H_LESS_HEADERS -DTAU_LINUX_TIMERS -DTAU_LARGEFILE -D_LARGEFILE64_SOURCE -DTAU_BFD -DHAVE_GNU_DEMANGLE -DHAVE_TR1_HASH_MAP -DTAU_SS_ALLOC_SUPPORT -DEBS_CLOCK_RES=1 -DTAU_STRSIGNAL_OK -DTAU_TRACK_LD_LOADER -DTAU_OPENMP_NESTED -DTAU_USE_TLS -DTAU_ELF_BFD -fopenmp -DTAU_OPENMP -DTAU_UNIFY -I/include -I/soft/tau-2.29/include -o kmeans.pomp.o -g -finstrument-functions -finstrument-functions-exclude-file-list=/usr/include


Debug: Removing pompregions.c
Executing> /bin/rm -f pompregions.c


Debug: Creating pompregions.c
Executing> /usr/bin/nm -B kmeans.pomp.o | /usr/bin/grep -E -i POMP2_Init_reg | gawk -f /soft/tau-2.29/x86_64/bin/pomp2-parse-init-regions.awk > pompregions.c


Debug: Compiling pompregions.c
Executing> gcc -c -I/include -I/soft/tau-2.29/include -DPROFILING_ON -DTAU_GNU -DTAU_DOT_H_LESS_HEADERS -DTAU_LINUX_TIMERS -DTAU_LARGEFILE -D_LARGEFILE64_SOURCE -DTAU_BFD -DHAVE_GNU_DEMANGLE -DHAVE_TR1_HASH_MAP -DTAU_SS_ALLOC_SUPPORT -DEBS_CLOCK_RES=1 -DTAU_STRSIGNAL_OK -DTAU_TRACK_LD_LOADER -DTAU_OPENMP_NESTED -DTAU_USE_TLS -DTAU_ELF_BFD -fopenmp -DTAU_OPENMP -DTAU_UNIFY pompregions.c


Debug: Linking (Together) object files
Executing> /soft/gcc-8.2.0/bin/gcc pompregions.o kmeans.pomp.o -L/soft/tau-2.29/x86_64/lib -ltau-openmp-opari -L/soft/tau-2.29/x86_64/binutils-2.23.2/lib -L/soft/tau-2.29/x86_64/binutils-2.23.2/lib64 -Wl,-rpath,/soft/tau-2.29/x86_64/binutils-2.23.2/lib -Wl,-rpath,/soft/tau-2.29/x86_64/binutils-2.23.2/lib64 -lbfd -liberty -lz -ldl -Wl,--export-dynamic -lrt -ldl -ldl -lm -L/soft/gcc-8.2.0/lib/gcc/x86_64-pc-linux-gnu/8.2.0/ -lstdc++ -lgcc_s -L/soft/tau-2.29/x86_64/lib/static-openmp-opari -fopenmp -g -o kmeans_tau


Debug: Removing pompregions.c pompregions.o kmeans.c.opari.inc
Executing> /bin/rm -f pompregions.c pompregions.o kmeans.c.opari.inc

TEST = 1

WIDTH : 3840
HEIGHT: 2160
LENGHT: 8294400

STEP 1: K = 4
STEP 2: Init centroids
STEP 3: Updating centroids

Max number of threads: 12
Number of K-Means iterations: 160

Centroide 0 : R[218]	G[214]	B[202]
Centroide 1 : R[162]	G[146]	B[125]
Centroide 2 : R[38]	G[31]	B[26]
Centroide 3 : R[99]	G[82]	B[64]

Time to Kmeans is 40 seconds and 778271 microseconds, 40.778271
Checksum value = 12930384
Reading Profile files in profile.*

NODE 0;CONTEXT 0;THREAD 0:
---------------------------------------------------------------------------------------
%Time    Exclusive    Inclusive       #Call      #Subrs  Inclusive Name
              msec   total msec                          usec/call 
---------------------------------------------------------------------------------------
100.0           20       41,200           1           1   41200481 .TAU application
100.0            2       41,180           1           3   41180038 main 
 99.0            1       40,778           1         320   40778158 kmeans 
 98.0          432       40,373         160         160     252335 parallelfor (parallel fork/join) [OpenMP location: file:/home/alumnos/cap/cap-23/Documents/Practiques/CAP_Practica1/kmeans.c <91, 101>]
 96.9        0.525       39,941         160         160     249633 parallelfor (parallel begin/end) [OpenMP location: file:/home/alumnos/cap/cap-23/Documents/Practiques/CAP_Practica1/kmeans.c <91, 101>]
 96.9       28,316       39,940         160      100161     249629 parallelfor (loop body) [OpenMP location: file:/home/alumnos/cap/cap-23/Documents/Practiques/CAP_Practica1/kmeans.c <91, 101>]
 27.9       11,511       11,511         160           0      71948 parallelfor (barrier enter/exit) [OpenMP location: file:/home/alumnos/cap/cap-23/Documents/Practiques/CAP_Practica1/kmeans.c <91, 101>]
  1.0          273          403         160         160       2520 parallelfor (parallel fork/join) [OpenMP location: file:/home/alumnos/cap/cap-23/Documents/Practiques/CAP_Practica1/kmeans.c <104, 114>]
  1.0          399          399           1           0     399321 read_file 
  0.3            1          130         160         160        813 parallelfor (parallel begin/end) [OpenMP location: file:/home/alumnos/cap/cap-23/Documents/Practiques/CAP_Practica1/kmeans.c <104, 114>]
  0.3         0.59          128         160         160        805 parallelfor (loop body) [OpenMP location: file:/home/alumnos/cap/cap-23/Documents/Practiques/CAP_Practica1/kmeans.c <104, 114>]
  0.3          128          128         160           0        802 parallelfor (barrier enter/exit) [OpenMP location: file:/home/alumnos/cap/cap-23/Documents/Practiques/CAP_Practica1/kmeans.c <104, 114>]
  0.3          112          112      100001           0          1 find_closest_centroid [THROTTLED]
  0.0        0.004        0.004           1           0          4 getChecksum 

NODE 0;CONTEXT 0;THREAD 1:
---------------------------------------------------------------------------------------
%Time    Exclusive    Inclusive       #Call      #Subrs  Inclusive Name
              msec   total msec                          usec/call 
---------------------------------------------------------------------------------------
100.0          666       40,793           1         320   40793930 .TAU application
 98.0        0.317       39,995         160         160     249969 parallelfor (parallel begin/end) [OpenMP location: file:/home/alumnos/cap/cap-23/Documents/Practiques/CAP_Practica1/kmeans.c <91, 101>]
 98.0       29,467       39,994         160       76984     249967 parallelfor (loop body) [OpenMP location: file:/home/alumnos/cap/cap-23/Documents/Practiques/CAP_Practica1/kmeans.c <91, 101>]
 25.1       10,245       10,245         160           0      64034 parallelfor (barrier enter/exit) [OpenMP location: file:/home/alumnos/cap/cap-23/Documents/Practiques/CAP_Practica1/kmeans.c <91, 101>]
  0.9          282          368       76825           1          5 find_closest_centroid [THROTTLED]
  0.3        0.552          131         160         160        824 parallelfor (parallel begin/end) [OpenMP location: file:/home/alumnos/cap/cap-23/Documents/Practiques/CAP_Practica1/kmeans.c <104, 114>]
  0.3        0.465          131         160         160        821 parallelfor (loop body) [OpenMP location: file:/home/alumnos/cap/cap-23/Documents/Practiques/CAP_Practica1/kmeans.c <104, 114>]
  0.3          130          130         160           0        818 parallelfor (barrier enter/exit) [OpenMP location: file:/home/alumnos/cap/cap-23/Documents/Practiques/CAP_Practica1/kmeans.c <104, 114>]

NODE 0;CONTEXT 0;THREAD 2:
---------------------------------------------------------------------------------------
%Time    Exclusive    Inclusive       #Call      #Subrs  Inclusive Name
              msec   total msec                          usec/call 
---------------------------------------------------------------------------------------
100.0          720       40,816           1         320   40816756 .TAU application
 97.9        0.271       39,969         160         160     249809 parallelfor (parallel begin/end) [OpenMP location: file:/home/alumnos/cap/cap-23/Documents/Practiques/CAP_Practica1/kmeans.c <91, 101>]
 97.9       34,146       39,969         160       76858     249807 parallelfor (loop body) [OpenMP location: file:/home/alumnos/cap/cap-23/Documents/Practiques/CAP_Practica1/kmeans.c <91, 101>]
 13.9        5,686        5,686         160           0      35540 parallelfor (barrier enter/exit) [OpenMP location: file:/home/alumnos/cap/cap-23/Documents/Practiques/CAP_Practica1/kmeans.c <91, 101>]
  0.3          136          136       76698           0          2 find_closest_centroid [THROTTLED]
  0.3        0.424          126         160         160        791 parallelfor (parallel begin/end) [OpenMP location: file:/home/alumnos/cap/cap-23/Documents/Practiques/CAP_Practica1/kmeans.c <104, 114>]
  0.3        0.533          126         160         160        788 parallelfor (loop body) [OpenMP location: file:/home/alumnos/cap/cap-23/Documents/Practiques/CAP_Practica1/kmeans.c <104, 114>]
  0.3          125          125         160           0        785 parallelfor (barrier enter/exit) [OpenMP location: file:/home/alumnos/cap/cap-23/Documents/Practiques/CAP_Practica1/kmeans.c <104, 114>]

NODE 0;CONTEXT 0;THREAD 3:
---------------------------------------------------------------------------------------
%Time    Exclusive    Inclusive       #Call      #Subrs  Inclusive Name
              msec   total msec                          usec/call 
---------------------------------------------------------------------------------------
100.0          748       40,855           1         320   40855552 .TAU application
 97.8        0.348       39,972         160         160     249828 parallelfor (parallel begin/end) [OpenMP location: file:/home/alumnos/cap/cap-23/Documents/Practiques/CAP_Practica1/kmeans.c <91, 101>]
 97.8       29,960       39,972         160       77089     249826 parallelfor (loop body) [OpenMP location: file:/home/alumnos/cap/cap-23/Documents/Practiques/CAP_Practica1/kmeans.c <91, 101>]
 24.2        9,874        9,874         160           0      61715 parallelfor (barrier enter/exit) [OpenMP location: file:/home/alumnos/cap/cap-23/Documents/Practiques/CAP_Practica1/kmeans.c <91, 101>]
  0.3          137          137       76929           0          2 find_closest_centroid [THROTTLED]
  0.3         0.46          134         160         160        839 parallelfor (parallel begin/end) [OpenMP location: file:/home/alumnos/cap/cap-23/Documents/Practiques/CAP_Practica1/kmeans.c <104, 114>]
  0.3        0.542          133         160         160        836 parallelfor (loop body) [OpenMP location: file:/home/alumnos/cap/cap-23/Documents/Practiques/CAP_Practica1/kmeans.c <104, 114>]
  0.3          133          133         160           0        832 parallelfor (barrier enter/exit) [OpenMP location: file:/home/alumnos/cap/cap-23/Documents/Practiques/CAP_Practica1/kmeans.c <104, 114>]

NODE 0;CONTEXT 0;THREAD 4:
---------------------------------------------------------------------------------------
%Time    Exclusive    Inclusive       #Call      #Subrs  Inclusive Name
              msec   total msec                          usec/call 
---------------------------------------------------------------------------------------
100.0          765       40,883           1         320   40883552 .TAU application
 97.8        0.355       39,988         160         160     249927 parallelfor (parallel begin/end) [OpenMP location: file:/home/alumnos/cap/cap-23/Documents/Practiques/CAP_Practica1/kmeans.c <91, 101>]
 97.8       31,526       39,987         160       76887     249924 parallelfor (loop body) [OpenMP location: file:/home/alumnos/cap/cap-23/Documents/Practiques/CAP_Practica1/kmeans.c <91, 101>]
 20.0        8,166        8,166         160           0      51039 parallelfor (barrier enter/exit) [OpenMP location: file:/home/alumnos/cap/cap-23/Documents/Practiques/CAP_Practica1/kmeans.c <91, 101>]
  0.9          294          367       76728           1          5 find_closest_centroid [THROTTLED]
  0.3        0.374          130         160         160        813 parallelfor (parallel begin/end) [OpenMP location: file:/home/alumnos/cap/cap-23/Documents/Practiques/CAP_Practica1/kmeans.c <104, 114>]
  0.3        0.658          129         160         160        811 parallelfor (loop body) [OpenMP location: file:/home/alumnos/cap/cap-23/Documents/Practiques/CAP_Practica1/kmeans.c <104, 114>]
  0.3          129          129         160           0        806 parallelfor (barrier enter/exit) [OpenMP location: file:/home/alumnos/cap/cap-23/Documents/Practiques/CAP_Practica1/kmeans.c <104, 114>]

NODE 0;CONTEXT 0;THREAD 5:
---------------------------------------------------------------------------------------
%Time    Exclusive    Inclusive       #Call      #Subrs  Inclusive Name
              msec   total msec                          usec/call 
---------------------------------------------------------------------------------------
100.0          755       40,906           1         320   40906805 .TAU application
 97.8            1       40,015         160         160     250098 parallelfor (parallel begin/end) [OpenMP location: file:/home/alumnos/cap/cap-23/Documents/Practiques/CAP_Practica1/kmeans.c <91, 101>]
 97.8       28,282       40,014         160       76860     250091 parallelfor (loop body) [OpenMP location: file:/home/alumnos/cap/cap-23/Documents/Practiques/CAP_Practica1/kmeans.c <91, 101>]
 27.9       11,429       11,429         160           0      71434 parallelfor (barrier enter/exit) [OpenMP location: file:/home/alumnos/cap/cap-23/Documents/Practiques/CAP_Practica1/kmeans.c <91, 101>]
  0.9          302          367       76701           1          5 find_closest_centroid [THROTTLED]
  0.3        0.455          135         160         160        847 parallelfor (parallel begin/end) [OpenMP location: file:/home/alumnos/cap/cap-23/Documents/Practiques/CAP_Practica1/kmeans.c <104, 114>]
  0.3        0.635          135         160         160        845 parallelfor (loop body) [OpenMP location: file:/home/alumnos/cap/cap-23/Documents/Practiques/CAP_Practica1/kmeans.c <104, 114>]
  0.3          134          134         160           0        841 parallelfor (barrier enter/exit) [OpenMP location: file:/home/alumnos/cap/cap-23/Documents/Practiques/CAP_Practica1/kmeans.c <104, 114>]

NODE 0;CONTEXT 0;THREAD 6:
---------------------------------------------------------------------------------------
%Time    Exclusive    Inclusive       #Call      #Subrs  Inclusive Name
              msec   total msec                          usec/call 
---------------------------------------------------------------------------------------
100.0          866       40,935           1         320   40935088 .TAU application
 97.6        0.432       39,937         160         160     249611 parallelfor (parallel begin/end) [OpenMP location: file:/home/alumnos/cap/cap-23/Documents/Practiques/CAP_Practica1/kmeans.c <91, 101>]
 97.6       28,455       39,937         160       36005     249609 parallelfor (loop body) [OpenMP location: file:/home/alumnos/cap/cap-23/Documents/Practiques/CAP_Practica1/kmeans.c <91, 101>]
 27.1       11,106       11,106         160           0      69416 parallelfor (barrier enter/exit) [OpenMP location: file:/home/alumnos/cap/cap-23/Documents/Practiques/CAP_Practica1/kmeans.c <91, 101>]
  0.9          375          386       35846           1         11 find_closest_centroid [THROTTLED]
  0.3        0.429          130         160         160        816 parallelfor (parallel begin/end) [OpenMP location: file:/home/alumnos/cap/cap-23/Documents/Practiques/CAP_Practica1/kmeans.c <104, 114>]
  0.3         0.44          130         160         160        814 parallelfor (loop body) [OpenMP location: file:/home/alumnos/cap/cap-23/Documents/Practiques/CAP_Practica1/kmeans.c <104, 114>]
  0.3          129          129         160           0        811 parallelfor (barrier enter/exit) [OpenMP location: file:/home/alumnos/cap/cap-23/Documents/Practiques/CAP_Practica1/kmeans.c <104, 114>]

NODE 0;CONTEXT 0;THREAD 7:
---------------------------------------------------------------------------------------
%Time    Exclusive    Inclusive       #Call      #Subrs  Inclusive Name
              msec   total msec                          usec/call 
---------------------------------------------------------------------------------------
100.0          825       40,958           1         320   40958621 .TAU application
 97.7        0.372       40,002         160         160     250016 parallelfor (parallel begin/end) [OpenMP location: file:/home/alumnos/cap/cap-23/Documents/Practiques/CAP_Practica1/kmeans.c <91, 101>]
 97.7       28,691       40,002         160       77286     250014 parallelfor (loop body) [OpenMP location: file:/home/alumnos/cap/cap-23/Documents/Practiques/CAP_Practica1/kmeans.c <91, 101>]
 27.3       11,172       11,172         160           0      69827 parallelfor (barrier enter/exit) [OpenMP location: file:/home/alumnos/cap/cap-23/Documents/Practiques/CAP_Practica1/kmeans.c <91, 101>]
  0.3          138          138       77126           0          2 find_closest_centroid [THROTTLED]
  0.3        0.408          130         160         160        815 parallelfor (parallel begin/end) [OpenMP location: file:/home/alumnos/cap/cap-23/Documents/Practiques/CAP_Practica1/kmeans.c <104, 114>]
  0.3            2          129         160         160        812 parallelfor (loop body) [OpenMP location: file:/home/alumnos/cap/cap-23/Documents/Practiques/CAP_Practica1/kmeans.c <104, 114>]
  0.3          127          127         160           0        799 parallelfor (barrier enter/exit) [OpenMP location: file:/home/alumnos/cap/cap-23/Documents/Practiques/CAP_Practica1/kmeans.c <104, 114>]

NODE 0;CONTEXT 0;THREAD 8:
---------------------------------------------------------------------------------------
%Time    Exclusive    Inclusive       #Call      #Subrs  Inclusive Name
              msec   total msec                          usec/call 
---------------------------------------------------------------------------------------
100.0          849       40,989           1         320   40989510 .TAU application
 97.6        0.439       40,006         160         160     250043 parallelfor (parallel begin/end) [OpenMP location: file:/home/alumnos/cap/cap-23/Documents/Practiques/CAP_Practica1/kmeans.c <91, 101>]
 97.6       28,919       40,006         160       76867     250040 parallelfor (loop body) [OpenMP location: file:/home/alumnos/cap/cap-23/Documents/Practiques/CAP_Practica1/kmeans.c <91, 101>]
 26.3       10,799       10,799         160           0      67498 parallelfor (barrier enter/exit) [OpenMP location: file:/home/alumnos/cap/cap-23/Documents/Practiques/CAP_Practica1/kmeans.c <91, 101>]
  0.9          287          366       76708           1          5 find_closest_centroid [THROTTLED]
  0.3        0.394          133         160         160        835 parallelfor (parallel begin/end) [OpenMP location: file:/home/alumnos/cap/cap-23/Documents/Practiques/CAP_Practica1/kmeans.c <104, 114>]
  0.3            1          133         160         160        832 parallelfor (loop body) [OpenMP location: file:/home/alumnos/cap/cap-23/Documents/Practiques/CAP_Practica1/kmeans.c <104, 114>]
  0.3          131          131         160           0        824 parallelfor (barrier enter/exit) [OpenMP location: file:/home/alumnos/cap/cap-23/Documents/Practiques/CAP_Practica1/kmeans.c <104, 114>]

NODE 0;CONTEXT 0;THREAD 9:
---------------------------------------------------------------------------------------
%Time    Exclusive    Inclusive       #Call      #Subrs  Inclusive Name
              msec   total msec                          usec/call 
---------------------------------------------------------------------------------------
100.0          887       41,009           1         320   41009535 .TAU application
 97.5          0.3       39,989         160         160     249936 parallelfor (parallel begin/end) [OpenMP location: file:/home/alumnos/cap/cap-23/Documents/Practiques/CAP_Practica1/kmeans.c <91, 101>]
 97.5       32,325       39,989         160       71690     249935 parallelfor (loop body) [OpenMP location: file:/home/alumnos/cap/cap-23/Documents/Practiques/CAP_Practica1/kmeans.c <91, 101>]
 18.4        7,525        7,525         160           0      47035 parallelfor (barrier enter/exit) [OpenMP location: file:/home/alumnos/cap/cap-23/Documents/Practiques/CAP_Practica1/kmeans.c <91, 101>]
  0.3          138          138       71530           0          2 find_closest_centroid [THROTTLED]
  0.3            1          132         160         160        828 parallelfor (parallel begin/end) [OpenMP location: file:/home/alumnos/cap/cap-23/Documents/Practiques/CAP_Practica1/kmeans.c <104, 114>]
  0.3        0.431          131         160         160        821 parallelfor (loop body) [OpenMP location: file:/home/alumnos/cap/cap-23/Documents/Practiques/CAP_Practica1/kmeans.c <104, 114>]
  0.3          130          130         160           0        818 parallelfor (barrier enter/exit) [OpenMP location: file:/home/alumnos/cap/cap-23/Documents/Practiques/CAP_Practica1/kmeans.c <104, 114>]

NODE 0;CONTEXT 0;THREAD 10:
---------------------------------------------------------------------------------------
%Time    Exclusive    Inclusive       #Call      #Subrs  Inclusive Name
              msec   total msec                          usec/call 
---------------------------------------------------------------------------------------
100.0          956       41,016           1         320   41016499 .TAU application
 97.4        0.301       39,938         160         160     249617 parallelfor (parallel begin/end) [OpenMP location: file:/home/alumnos/cap/cap-23/Documents/Practiques/CAP_Practica1/kmeans.c <91, 101>]
 97.4       30,338       39,938         160       76427     249615 parallelfor (loop body) [OpenMP location: file:/home/alumnos/cap/cap-23/Documents/Practiques/CAP_Practica1/kmeans.c <91, 101>]
 23.1        9,465        9,465         160           0      59157 parallelfor (barrier enter/exit) [OpenMP location: file:/home/alumnos/cap/cap-23/Documents/Practiques/CAP_Practica1/kmeans.c <91, 101>]
  0.3          134          134       76267           0          2 find_closest_centroid [THROTTLED]
  0.3        0.389          121         160         160        761 parallelfor (parallel begin/end) [OpenMP location: file:/home/alumnos/cap/cap-23/Documents/Practiques/CAP_Practica1/kmeans.c <104, 114>]
  0.3        0.459          121         160         160        759 parallelfor (loop body) [OpenMP location: file:/home/alumnos/cap/cap-23/Documents/Practiques/CAP_Practica1/kmeans.c <104, 114>]
  0.3          120          120         160           0        756 parallelfor (barrier enter/exit) [OpenMP location: file:/home/alumnos/cap/cap-23/Documents/Practiques/CAP_Practica1/kmeans.c <104, 114>]

NODE 0;CONTEXT 0;THREAD 11:
---------------------------------------------------------------------------------------
%Time    Exclusive    Inclusive       #Call      #Subrs  Inclusive Name
              msec   total msec                          usec/call 
---------------------------------------------------------------------------------------
100.0          958       41,029           1         320   41029859 .TAU application
 97.4        0.296       39,945         160         160     249659 parallelfor (parallel begin/end) [OpenMP location: file:/home/alumnos/cap/cap-23/Documents/Practiques/CAP_Practica1/kmeans.c <91, 101>]
 97.4       33,619       39,945         160       45013     249657 parallelfor (loop body) [OpenMP location: file:/home/alumnos/cap/cap-23/Documents/Practiques/CAP_Practica1/kmeans.c <91, 101>]
 14.7        6,037        6,037         160           0      37732 parallelfor (barrier enter/exit) [OpenMP location: file:/home/alumnos/cap/cap-23/Documents/Practiques/CAP_Practica1/kmeans.c <91, 101>]
  0.9          288          362       44854           1          8 find_closest_centroid [THROTTLED]
  0.3        0.373          125         160         160        786 parallelfor (parallel begin/end) [OpenMP location: file:/home/alumnos/cap/cap-23/Documents/Practiques/CAP_Practica1/kmeans.c <104, 114>]
  0.3        0.444          125         160         160        784 parallelfor (loop body) [OpenMP location: file:/home/alumnos/cap/cap-23/Documents/Practiques/CAP_Practica1/kmeans.c <104, 114>]
  0.3          125          125         160           0        781 parallelfor (barrier enter/exit) [OpenMP location: file:/home/alumnos/cap/cap-23/Documents/Practiques/CAP_Practica1/kmeans.c <104, 114>]

FUNCTION SUMMARY (total):
---------------------------------------------------------------------------------------
%Time    Exclusive    Inclusive       #Call      #Subrs  Inclusive Name
              msec   total msec                          usec/call 
---------------------------------------------------------------------------------------
100.0        9,021     8:11.396          12        3521   40949682 .TAU application
 97.6            5     7:59.703        1920        1920     249846 parallelfor (parallel begin/end) [OpenMP location: file:/home/alumnos/cap/cap-23/Documents/Practiques/CAP_Practica1/kmeans.c <91, 101>]
 97.6     6:04.049     7:59.698        1920      868127     249843 parallelfor (loop body) [OpenMP location: file:/home/alumnos/cap/cap-23/Documents/Practiques/CAP_Practica1/kmeans.c <91, 101>]
 23.0     1:53.019     1:53.019        1920           0      58864 parallelfor (barrier enter/exit) [OpenMP location: file:/home/alumnos/cap/cap-23/Documents/Practiques/CAP_Practica1/kmeans.c <91, 101>]
  8.4            2       41,180           1           3   41180038 main 
  8.3            1       40,778           1         320   40778158 kmeans 
  8.2          432       40,373         160         160     252335 parallelfor (parallel fork/join) [OpenMP location: file:/home/alumnos/cap/cap-23/Documents/Practiques/CAP_Practica1/kmeans.c <91, 101>]
  0.6        2,628        3,017      866213           6          3 find_closest_centroid [THROTTLED]
  0.3            6        1,562        1920        1920        814 parallelfor (parallel begin/end) [OpenMP location: file:/home/alumnos/cap/cap-23/Documents/Practiques/CAP_Practica1/kmeans.c <104, 114>]
  0.3            8        1,556        1920        1920        811 parallelfor (loop body) [OpenMP location: file:/home/alumnos/cap/cap-23/Documents/Practiques/CAP_Practica1/kmeans.c <104, 114>]
  0.3        1,547        1,547        1920           0        806 parallelfor (barrier enter/exit) [OpenMP location: file:/home/alumnos/cap/cap-23/Documents/Practiques/CAP_Practica1/kmeans.c <104, 114>]
  0.1          273          403         160         160       2520 parallelfor (parallel fork/join) [OpenMP location: file:/home/alumnos/cap/cap-23/Documents/Practiques/CAP_Practica1/kmeans.c <104, 114>]
  0.1          399          399           1           0     399321 read_file 
  0.0        0.004        0.004           1           0          4 getChecksum 

FUNCTION SUMMARY (mean):
---------------------------------------------------------------------------------------
%Time    Exclusive    Inclusive       #Call      #Subrs  Inclusive Name
              msec   total msec                          usec/call 
---------------------------------------------------------------------------------------
100.0          751       40,949           1     293.417   40949682 .TAU application
 97.6        0.422       39,975         160         160     249846 parallelfor (parallel begin/end) [OpenMP location: file:/home/alumnos/cap/cap-23/Documents/Practiques/CAP_Practica1/kmeans.c <91, 101>]
 97.6       30,337       39,974         160     72343.9     249843 parallelfor (loop body) [OpenMP location: file:/home/alumnos/cap/cap-23/Documents/Practiques/CAP_Practica1/kmeans.c <91, 101>]
 23.0        9,418        9,418         160           0      58864 parallelfor (barrier enter/exit) [OpenMP location: file:/home/alumnos/cap/cap-23/Documents/Practiques/CAP_Practica1/kmeans.c <91, 101>]
  8.4        0.213        3,431   0.0833333        0.25   41180038 main 
  8.3        0.109        3,398   0.0833333     26.6667   40778158 kmeans 
  8.2           36        3,364     13.3333     13.3333     252335 parallelfor (parallel fork/join) [OpenMP location: file:/home/alumnos/cap/cap-23/Documents/Practiques/CAP_Practica1/kmeans.c <91, 101>]
  0.6          219          251     72184.4         0.5          3 find_closest_centroid [THROTTLED]
  0.3        0.554          130         160         160        814 parallelfor (parallel begin/end) [OpenMP location: file:/home/alumnos/cap/cap-23/Documents/Practiques/CAP_Practica1/kmeans.c <104, 114>]
  0.3         0.72          129         160         160        811 parallelfor (loop body) [OpenMP location: file:/home/alumnos/cap/cap-23/Documents/Practiques/CAP_Practica1/kmeans.c <104, 114>]
  0.3          128          128         160           0        806 parallelfor (barrier enter/exit) [OpenMP location: file:/home/alumnos/cap/cap-23/Documents/Practiques/CAP_Practica1/kmeans.c <104, 114>]
  0.1           22           33     13.3333     13.3333       2520 parallelfor (parallel fork/join) [OpenMP location: file:/home/alumnos/cap/cap-23/Documents/Practiques/CAP_Practica1/kmeans.c <104, 114>]
  0.1           33           33   0.0833333           0     399321 read_file 
  0.0     0.000333     0.000333   0.0833333           0          4 getChecksum 
