cpu-bind=MASK - clus12, task  0  0 [2885]: mask 0xfff set
Running tests for threads
./kmeans: /soft/gcc-10.2.0/lib64/libgomp.so.1: no version information available (required by ./kmeans)
./kmeans: /soft/gcc-10.2.0/lib64/libgomp.so.1: no version information available (required by ./kmeans)
TEST = 1

WIDTH : 3840
HEIGHT: 2160
LENGHT: 8294400

STEP 1: K = 1
STEP 2: Init centroids
STEP 3: Updating centroids

Max number of threads: 12
Number of K-Means iterations: 2

Centroide 0 : R[119]	G[109]	B[96]

Time to Kmeans is 0 seconds and 277062 microseconds, 0.277062
Checksum value = 1245216

 Performance counter stats for './kmeans test 1 imagen.bmp':

       2575,958377      task-clock (msec)         #    2,756 CPUs utilized          
                52      context-switches          #    0,020 K/sec                  
                15      cpu-migrations            #    0,006 K/sec                  
               957      page-faults               #    0,372 K/sec                  
     6.664.536.126      cycles                    #    2,587 GHz                      (66,86%)
        59.618.918      stalled-cycles-frontend   #    0,89% frontend cycles idle     (66,90%)
     5.483.777.065      stalled-cycles-backend    #  82,28% backend cycles idle       (67,02%)
     2.470.714.370      instructions              #    0,37  insn per cycle         
                                                  #    2,22  stalled cycles per insn  (66,61%)
       437.868.653      branches                  #  169,983 M/sec                    (66,40%)
           131.294      branch-misses             #    0,03% of all branches          (66,54%)

       0,934533684 seconds time elapsed

