cpu-bind=MASK - clus12, task  0  0 [52221]: mask 0xfff set
12
./kmeans: /soft/gcc-10.2.0/lib64/libgomp.so.1: no version information available (required by ./kmeans)
./kmeans: /soft/gcc-10.2.0/lib64/libgomp.so.1: no version information available (required by ./kmeans)
TEST = 1

WIDTH : 3840
HEIGHT: 2160
LENGHT: 8294400

STEP 1: K = 1
STEP 2: Init centroids
STEP 3: Updating centroids

Number of K-Means iterations: 2

Centroide 0 : R[119]	G[109]	B[96]

Time to Kmeans is 0 seconds and 274116 microseconds
Checksum value = 1245216

 Performance counter stats for './kmeans test 1 imagen.bmp':

       2574,845203      task-clock (msec)         #    4,310 CPUs utilized          
                39      context-switches          #    0,015 K/sec                  
                13      cpu-migrations            #    0,005 K/sec                  
             1.470      page-faults               #    0,571 K/sec                  
     6.649.804.260      cycles                    #    2,583 GHz                      (50,36%)
        58.563.122      stalled-cycles-frontend   #    0,88% frontend cycles idle     (50,24%)
     5.453.858.827      stalled-cycles-backend    #  82,02% backend cycles idle       (50,08%)
     2.501.879.238      instructions              #    0,38  insn per cycle         
                                                  #    2,18  stalled cycles per insn  (50,03%)
       446.641.537      branches                  #  173,463 M/sec                    (50,27%)
           133.983      branch-misses             #    0,03% of all branches          (50,49%)

       0,597381479 seconds time elapsed

./kmeans: /soft/gcc-10.2.0/lib64/libgomp.so.1: no version information available (required by ./kmeans)
./kmeans: /soft/gcc-10.2.0/lib64/libgomp.so.1: no version information available (required by ./kmeans)
./kmeans: /soft/gcc-10.2.0/lib64/libgomp.so.1: no version information available (required by ./kmeans)
./kmeans: /soft/gcc-10.2.0/lib64/libgomp.so.1: no version information available (required by ./kmeans)
./kmeans: /soft/gcc-10.2.0/lib64/libgomp.so.1: no version information available (required by ./kmeans)
./kmeans: /soft/gcc-10.2.0/lib64/libgomp.so.1: no version information available (required by ./kmeans)
./kmeans: /soft/gcc-10.2.0/lib64/libgomp.so.1: no version information available (required by ./kmeans)
./kmeans: /soft/gcc-10.2.0/lib64/libgomp.so.1: no version information available (required by ./kmeans)
./kmeans: /soft/gcc-10.2.0/lib64/libgomp.so.1: no version information available (required by ./kmeans)
./kmeans: /soft/gcc-10.2.0/lib64/libgomp.so.1: no version information available (required by ./kmeans)
./kmeans: /soft/gcc-10.2.0/lib64/libgomp.so.1: no version information available (required by ./kmeans)
./kmeans: /soft/gcc-10.2.0/lib64/libgomp.so.1: no version information available (required by ./kmeans)
