cpu-bind=MASK - clus12, task  0  0 [52598]: mask 0xfff set
12
./kmeans: /soft/gcc-10.2.0/lib64/libgomp.so.1: no version information available (required by ./kmeans)
./kmeans: /soft/gcc-10.2.0/lib64/libgomp.so.1: no version information available (required by ./kmeans)
TEST = 1

WIDTH : 3840
HEIGHT: 2160
LENGHT: 8294400

STEP 1: K = 1
STEP 2: Init centroids
STEP 3: Updating centroids

Number of K-Means iterations: 2

Centroide 0 : R[119]	G[109]	B[96]

Time to Kmeans is 0 seconds and 274968 microseconds
Checksum value = 1245216

 Performance counter stats for './kmeans test 1 imagen.bmp':

       2560,179714      task-clock (msec)         #    4,339 CPUs utilized          
                50      context-switches          #    0,020 K/sec                  
                12      cpu-migrations            #    0,005 K/sec                  
               958      page-faults               #    0,374 K/sec                  
     6.592.741.744      cycles                    #    2,575 GHz                      (50,58%)
        55.997.944      stalled-cycles-frontend   #    0,85% frontend cycles idle     (50,45%)
     5.436.569.930      stalled-cycles-backend    #  82,46% backend cycles idle       (50,21%)
     2.470.276.749      instructions              #    0,37  insn per cycle         
                                                  #    2,20  stalled cycles per insn  (49,99%)
       439.927.542      branches                  #  171,835 M/sec                    (50,00%)
           153.152      branch-misses             #    0,03% of all branches          (50,13%)

       0,589979673 seconds time elapsed

./kmeans: /soft/gcc-10.2.0/lib64/libgomp.so.1: no version information available (required by ./kmeans)
./kmeans: /soft/gcc-10.2.0/lib64/libgomp.so.1: no version information available (required by ./kmeans)
./kmeans: /soft/gcc-10.2.0/lib64/libgomp.so.1: no version information available (required by ./kmeans)
./kmeans: /soft/gcc-10.2.0/lib64/libgomp.so.1: no version information available (required by ./kmeans)
./kmeans: /soft/gcc-10.2.0/lib64/libgomp.so.1: no version information available (required by ./kmeans)
./kmeans: /soft/gcc-10.2.0/lib64/libgomp.so.1: no version information available (required by ./kmeans)
./kmeans: /soft/gcc-10.2.0/lib64/libgomp.so.1: no version information available (required by ./kmeans)
./kmeans: /soft/gcc-10.2.0/lib64/libgomp.so.1: no version information available (required by ./kmeans)
./kmeans: /soft/gcc-10.2.0/lib64/libgomp.so.1: no version information available (required by ./kmeans)
./kmeans: /soft/gcc-10.2.0/lib64/libgomp.so.1: no version information available (required by ./kmeans)
./kmeans: /soft/gcc-10.2.0/lib64/libgomp.so.1: no version information available (required by ./kmeans)
./kmeans: /soft/gcc-10.2.0/lib64/libgomp.so.1: no version information available (required by ./kmeans)
