cpu-bind=MASK - clus12, task  0  0 [6966]: mask 0xfff set
Running tests for 2 threads
./kmeans: /soft/gcc-10.2.0/lib64/libgomp.so.1: no version information available (required by ./kmeans)
./kmeans: /soft/gcc-10.2.0/lib64/libgomp.so.1: no version information available (required by ./kmeans)
TEST = 1

WIDTH : 3840
HEIGHT: 2160
LENGHT: 8294400

STEP 1: K = 1
STEP 2: Init centroids
STEP 3: Updating centroids

Max number of threads: 12
Number of K-Means iterations: 2

Centroide 0 : R[119]	G[109]	B[96]

Time to Kmeans is 0 seconds and 273553 microseconds, 0.273553
Checksum value = 1245216

 Performance counter stats for './kmeans test 1 imagen.bmp':

       2577,233515      task-clock (msec)         #    4,274 CPUs utilized          
                46      context-switches          #    0,018 K/sec                  
                14      cpu-migrations            #    0,005 K/sec                  
             1.468      page-faults               #    0,570 K/sec                  
     6.663.595.034      cycles                    #    2,586 GHz                      (50,19%)
        60.607.899      stalled-cycles-frontend   #    0,91% frontend cycles idle     (50,45%)
     5.469.225.014      stalled-cycles-backend    #  82,08% backend cycles idle       (50,39%)
     2.492.234.620      instructions              #    0,37  insn per cycle         
                                                  #    2,19  stalled cycles per insn  (50,12%)
       438.300.847      branches                  #  170,066 M/sec                    (49,90%)
           142.639      branch-misses             #    0,03% of all branches          (50,00%)

       0,602965355 seconds time elapsed

./kmeans: /soft/gcc-10.2.0/lib64/libgomp.so.1: no version information available (required by ./kmeans)
./kmeans: /soft/gcc-10.2.0/lib64/libgomp.so.1: no version information available (required by ./kmeans)
