cpu-bind=MASK - clus12, task  0  0 [22744]: mask 0xfff set
Running tests for 1 threads
TEST = 1

WIDTH : 3840
HEIGHT: 2160
LENGHT: 8294400

STEP 1: K = 1
STEP 2: Init centroids
STEP 3: Updating centroids

Max number of threads: 12
Number of K-Means iterations: 2

Centroide 0 : R[119]	G[109]	B[96]

Time to Kmeans is 0 seconds and 168442 microseconds, 0.168442
Checksum value = 1245216

 Performance counter stats for './kmeans test 1 imagen.bmp':

       1627,374423      task-clock (msec)         #    3,211 CPUs utilized          
                55      context-switches          #    0,034 K/sec                  
                11      cpu-migrations            #    0,007 K/sec                  
             1.463      page-faults               #    0,899 K/sec                  
     4.211.559.959      cycles                    #    2,588 GHz                      (66,80%)
        52.830.454      stalled-cycles-frontend   #    1,25% frontend cycles idle     (67,25%)
     3.213.210.418      stalled-cycles-backend    #  76,30% backend cycles idle       (66,89%)
     2.055.596.617      instructions              #    0,49  insn per cycle         
                                                  #    1,56  stalled cycles per insn  (66,66%)
       435.256.611      branches                  #  267,459 M/sec                    (66,50%)
           115.560      branch-misses             #    0,03% of all branches          (66,75%)

       0,506799231 seconds time elapsed

