cpu-bind=MASK - clus12, task  0  0 [61053]: mask 0xfff set
Running tests for threads
./kmeans: /soft/gcc-10.2.0/lib64/libgomp.so.1: no version information available (required by ./kmeans)
./kmeans: /soft/gcc-10.2.0/lib64/libgomp.so.1: no version information available (required by ./kmeans)
TEST = 1

WIDTH : 3840
HEIGHT: 2160
LENGHT: 8294400

STEP 1: K = 1
STEP 2: Init centroids
STEP 3: Updating centroids

Max number of threads: 12
Number of K-Means iterations: 2

Centroide 0 : R[119]	G[109]	B[96]

Time to Kmeans is 0 seconds and 272887 microseconds, 0.272887
Checksum value = 1245216

 Performance counter stats for './kmeans test 1 imagen.bmp':

       2565,133340      task-clock (msec)         #    0,246 CPUs utilized          
               240      context-switches          #    0,094 K/sec                  
                13      cpu-migrations            #    0,005 K/sec                  
               957      page-faults               #    0,373 K/sec                  
     6.643.035.187      cycles                    #    2,590 GHz                      (66,64%)
        60.214.781      stalled-cycles-frontend   #    0,91% frontend cycles idle     (66,54%)
     5.433.834.327      stalled-cycles-backend    #  81,80% backend cycles idle       (66,64%)
     2.477.218.664      instructions              #    0,37  insn per cycle         
                                                  #    2,19  stalled cycles per insn  (66,80%)
       439.457.532      branches                  #  171,320 M/sec                    (66,96%)
           191.603      branch-misses             #    0,04% of all branches          (66,88%)

      10,431424171 seconds time elapsed

slurmstepd: error: *** JOB 153904 ON clus12 CANCELLED AT 2023-03-21T11:03:41 ***
