cpu-bind=MASK - clus12, task  0  0 [53158]: mask 0xfff set
Running tests for 10 threads
./kmeans: /soft/gcc-10.2.0/lib64/libgomp.so.1: no version information available (required by ./kmeans)
./kmeans: /soft/gcc-10.2.0/lib64/libgomp.so.1: no version information available (required by ./kmeans)
TEST = 1

WIDTH : 3840
HEIGHT: 2160
LENGHT: 8294400

STEP 1: K = 1
STEP 2: Init centroids
STEP 3: Updating centroids

Number of K-Means iterations: 2

Centroide 0 : R[119]	G[109]	B[96]

Time to Kmeans is 0 seconds and 272094 microseconds
Checksum value = 1245216

 Performance counter stats for './kmeans test 1 imagen.bmp':

       2553,336783      task-clock (msec)         #    4,123 CPUs utilized          
                54      context-switches          #    0,021 K/sec                  
                14      cpu-migrations            #    0,005 K/sec                  
               957      page-faults               #    0,375 K/sec                  
     6.598.504.096      cycles                    #    2,584 GHz                      (49,95%)
        60.229.285      stalled-cycles-frontend   #    0,91% frontend cycles idle     (50,26%)
     5.395.231.501      stalled-cycles-backend    #  81,76% backend cycles idle       (50,37%)
     2.439.489.264      instructions              #    0,37  insn per cycle         
                                                  #    2,21  stalled cycles per insn  (50,50%)
       430.439.696      branches                  #  168,579 M/sec                    (50,26%)
           122.415      branch-misses             #    0,03% of all branches          (50,09%)

       0,619302290 seconds time elapsed

./kmeans: /soft/gcc-10.2.0/lib64/libgomp.so.1: no version information available (required by ./kmeans)
./kmeans: /soft/gcc-10.2.0/lib64/libgomp.so.1: no version information available (required by ./kmeans)
./kmeans: /soft/gcc-10.2.0/lib64/libgomp.so.1: no version information available (required by ./kmeans)
./kmeans: /soft/gcc-10.2.0/lib64/libgomp.so.1: no version information available (required by ./kmeans)
./kmeans: /soft/gcc-10.2.0/lib64/libgomp.so.1: no version information available (required by ./kmeans)
./kmeans: /soft/gcc-10.2.0/lib64/libgomp.so.1: no version information available (required by ./kmeans)
./kmeans: /soft/gcc-10.2.0/lib64/libgomp.so.1: no version information available (required by ./kmeans)
./kmeans: /soft/gcc-10.2.0/lib64/libgomp.so.1: no version information available (required by ./kmeans)
./kmeans: /soft/gcc-10.2.0/lib64/libgomp.so.1: no version information available (required by ./kmeans)
./kmeans: /soft/gcc-10.2.0/lib64/libgomp.so.1: no version information available (required by ./kmeans)
./kmeans: /soft/gcc-10.2.0/lib64/libgomp.so.1: no version information available (required by ./kmeans)
./kmeans: /soft/gcc-10.2.0/lib64/libgomp.so.1: no version information available (required by ./kmeans)
