cpu-bind=MASK - clus01, task  0  0 [47659]: mask 0xfff set
Running tests for 10 threads
./kmeans: /soft/gcc-10.2.0/lib64/libgomp.so.1: no version information available (required by ./kmeans)
./kmeans: /soft/gcc-10.2.0/lib64/libgomp.so.1: no version information available (required by ./kmeans)
TEST = 1

WIDTH : 3840
HEIGHT: 2160
LENGHT: 8294400

STEP 1: K = 1
STEP 2: Init centroids
STEP 3: Updating centroids

Max number of threads: 12
Number of K-Means iterations: 2

Centroide 0 : R[119]	G[109]	B[96]

Time to Kmeans is 0 seconds and 279063 microseconds, 0.279063
Checksum value = 1245216

 Performance counter stats for './kmeans test 1 imagen.bmp':

       2458,942866      task-clock (msec)         #    3,680 CPUs utilized          
                91      context-switches          #    0,037 K/sec                  
                27      cpu-migrations            #    0,011 K/sec                  
             1.468      page-faults               #    0,597 K/sec                  
     6.365.087.633      cycles                    #    2,589 GHz                      (67,04%)
        69.410.891      stalled-cycles-frontend   #    1,09% frontend cycles idle     (66,78%)
     5.076.540.755      stalled-cycles-backend    #  79,76% backend cycles idle       (66,47%)
     2.604.775.415      instructions              #    0,41  insn per cycle         
                                                  #    1,95  stalled cycles per insn  (66,63%)
       471.543.530      branches                  #  191,767 M/sec                    (66,79%)
           177.342      branch-misses             #    0,04% of all branches          (66,99%)

       0,668199023 seconds time elapsed

./kmeans: /soft/gcc-10.2.0/lib64/libgomp.so.1: no version information available (required by ./kmeans)
./kmeans: /soft/gcc-10.2.0/lib64/libgomp.so.1: no version information available (required by ./kmeans)
./kmeans: /soft/gcc-10.2.0/lib64/libgomp.so.1: no version information available (required by ./kmeans)
./kmeans: /soft/gcc-10.2.0/lib64/libgomp.so.1: no version information available (required by ./kmeans)
./kmeans: /soft/gcc-10.2.0/lib64/libgomp.so.1: no version information available (required by ./kmeans)
./kmeans: /soft/gcc-10.2.0/lib64/libgomp.so.1: no version information available (required by ./kmeans)
./kmeans: /soft/gcc-10.2.0/lib64/libgomp.so.1: no version information available (required by ./kmeans)
./kmeans: /soft/gcc-10.2.0/lib64/libgomp.so.1: no version information available (required by ./kmeans)
./kmeans: /soft/gcc-10.2.0/lib64/libgomp.so.1: no version information available (required by ./kmeans)
./kmeans: /soft/gcc-10.2.0/lib64/libgomp.so.1: no version information available (required by ./kmeans)
./kmeans: /soft/gcc-10.2.0/lib64/libgomp.so.1: no version information available (required by ./kmeans)
./kmeans: /soft/gcc-10.2.0/lib64/libgomp.so.1: no version information available (required by ./kmeans)
./kmeans: /soft/gcc-10.2.0/lib64/libgomp.so.1: no version information available (required by ./kmeans)
./kmeans: /soft/gcc-10.2.0/lib64/libgomp.so.1: no version information available (required by ./kmeans)
./kmeans: /soft/gcc-10.2.0/lib64/libgomp.so.1: no version information available (required by ./kmeans)
./kmeans: /soft/gcc-10.2.0/lib64/libgomp.so.1: no version information available (required by ./kmeans)
./kmeans: /soft/gcc-10.2.0/lib64/libgomp.so.1: no version information available (required by ./kmeans)
./kmeans: /soft/gcc-10.2.0/lib64/libgomp.so.1: no version information available (required by ./kmeans)
./kmeans: /soft/gcc-10.2.0/lib64/libgomp.so.1: no version information available (required by ./kmeans)
./kmeans: /soft/gcc-10.2.0/lib64/libgomp.so.1: no version information available (required by ./kmeans)
./kmeans: /soft/gcc-10.2.0/lib64/libgomp.so.1: no version information available (required by ./kmeans)
./kmeans: /soft/gcc-10.2.0/lib64/libgomp.so.1: no version information available (required by ./kmeans)
./kmeans: /soft/gcc-10.2.0/lib64/libgomp.so.1: no version information available (required by ./kmeans)
./kmeans: /soft/gcc-10.2.0/lib64/libgomp.so.1: no version information available (required by ./kmeans)
