cpu-bind=MASK - clus12, task  0  0 [52763]: mask 0xfff set
Running tests for 32 threads
./kmeans: /soft/gcc-10.2.0/lib64/libgomp.so.1: no version information available (required by ./kmeans)
./kmeans: /soft/gcc-10.2.0/lib64/libgomp.so.1: no version information available (required by ./kmeans)
TEST = 1

WIDTH : 3840
HEIGHT: 2160
LENGHT: 8294400

STEP 1: K = 1
STEP 2: Init centroids
STEP 3: Updating centroids

Number of K-Means iterations: 2

Centroide 0 : R[119]	G[109]	B[96]

Time to Kmeans is 0 seconds and 277649 microseconds
Checksum value = 1245216

 Performance counter stats for './kmeans test 1 imagen.bmp':

       2587,113509      task-clock (msec)         #    4,248 CPUs utilized          
                50      context-switches          #    0,019 K/sec                  
                13      cpu-migrations            #    0,005 K/sec                  
               957      page-faults               #    0,370 K/sec                  
     6.685.541.218      cycles                    #    2,584 GHz                      (50,09%)
        56.313.926      stalled-cycles-frontend   #    0,84% frontend cycles idle     (49,95%)
     5.492.023.190      stalled-cycles-backend    #  82,15% backend cycles idle       (50,13%)
     2.441.510.509      instructions              #    0,37  insn per cycle         
                                                  #    2,25  stalled cycles per insn  (50,40%)
       428.824.827      branches                  #  165,754 M/sec                    (50,55%)
           102.432      branch-misses             #    0,02% of all branches          (50,24%)

       0,608969734 seconds time elapsed

./kmeans: /soft/gcc-10.2.0/lib64/libgomp.so.1: no version information available (required by ./kmeans)
./kmeans: /soft/gcc-10.2.0/lib64/libgomp.so.1: no version information available (required by ./kmeans)

libgomp: Invalid value for environment variable OMP_NUM_THREADS
./kmeans: /soft/gcc-10.2.0/lib64/libgomp.so.1: no version information available (required by ./kmeans)
./kmeans: /soft/gcc-10.2.0/lib64/libgomp.so.1: no version information available (required by ./kmeans)

libgomp: Invalid value for environment variable OMP_NUM_THREADS
./kmeans: /soft/gcc-10.2.0/lib64/libgomp.so.1: no version information available (required by ./kmeans)
./kmeans: /soft/gcc-10.2.0/lib64/libgomp.so.1: no version information available (required by ./kmeans)

libgomp: Invalid value for environment variable OMP_NUM_THREADS
./kmeans: /soft/gcc-10.2.0/lib64/libgomp.so.1: no version information available (required by ./kmeans)
./kmeans: /soft/gcc-10.2.0/lib64/libgomp.so.1: no version information available (required by ./kmeans)

libgomp: Invalid value for environment variable OMP_NUM_THREADS
./kmeans: /soft/gcc-10.2.0/lib64/libgomp.so.1: no version information available (required by ./kmeans)
./kmeans: /soft/gcc-10.2.0/lib64/libgomp.so.1: no version information available (required by ./kmeans)

libgomp: Invalid value for environment variable OMP_NUM_THREADS
./kmeans: /soft/gcc-10.2.0/lib64/libgomp.so.1: no version information available (required by ./kmeans)
./kmeans: /soft/gcc-10.2.0/lib64/libgomp.so.1: no version information available (required by ./kmeans)

libgomp: Invalid value for environment variable OMP_NUM_THREADS
slurmstepd: error: *** JOB 151887 ON clus12 CANCELLED AT 2023-03-18T19:42:02 ***
