cpu-bind=MASK - clus12, task  0  0 [52874]: mask 0xfff set
Running tests for 12 threads
TEST = 1

WIDTH : 3840
HEIGHT: 2160
LENGHT: 8294400

STEP 1: K = 1
STEP 2: Init centroids
STEP 3: Updating centroids

Max number of threads: 12
Number of K-Means iterations: 2

Centroide 0 : R[119]	G[109]	B[96]

Time to Kmeans is 0 seconds and 273908 microseconds, 0.273908
Checksum value = 1245216

 Performance counter stats for './kmeans test 1 imagen.bmp':

       2570,684300      task-clock (msec)         #    4,310 CPUs utilized          
                46      context-switches          #    0,018 K/sec                  
                12      cpu-migrations            #    0,005 K/sec                  
               952      page-faults               #    0,370 K/sec                  
     6.642.599.979      cycles                    #    2,584 GHz                      (66,84%)
        58.162.789      stalled-cycles-frontend   #    0,88% frontend cycles idle     (67,02%)
     5.466.412.155      stalled-cycles-backend    #  82,29% backend cycles idle       (67,04%)
     2.476.059.660      instructions              #    0,37  insn per cycle         
                                                  #    2,21  stalled cycles per insn  (66,76%)
       440.752.004      branches                  #  171,453 M/sec                    (66,57%)
           132.003      branch-misses             #    0,03% of all branches          (66,66%)

       0,596447108 seconds time elapsed

Running test with 12 test for k = 64
