cpu-bind=MASK - clus01, task  0  0 [17384]: mask 0xfff set
Running tests for 12 threads
TEST = 1

WIDTH : 3840
HEIGHT: 2160
LENGHT: 8294400

STEP 1: K = 1
STEP 2: Init centroids
STEP 3: Updating centroids

Max number of threads: 12
Number of K-Means iterations: 2

Centroide 0 : R[119]	G[109]	B[96]

Time to Kmeans is 0 seconds and 288154 microseconds, 0.288154
Checksum value = 1245216

 Performance counter stats for './kmeans test 1 imagen.bmp':

       2597,556663      task-clock (msec)         #    4,125 CPUs utilized          
                88      context-switches          #    0,034 K/sec                  
                24      cpu-migrations            #    0,009 K/sec                  
               950      page-faults               #    0,366 K/sec                  
     6.716.639.472      cycles                    #    2,586 GHz                      (66,60%)
        76.157.887      stalled-cycles-frontend   #    1,13% frontend cycles idle     (66,81%)
     5.425.072.531      stalled-cycles-backend    #  80,77% backend cycles idle       (66,89%)
     2.592.314.026      instructions              #    0,39  insn per cycle         
                                                  #    2,09  stalled cycles per insn  (66,96%)
       465.143.592      branches                  #  179,070 M/sec                    (66,85%)
           119.972      branch-misses             #    0,03% of all branches          (66,63%)

       0,629752255 seconds time elapsed

Running test with 12 test for k = 64
