cpu-bind=MASK - clus12, task  0  0 [52344]: mask 0xfff set
12
./kmeans: /soft/gcc-10.2.0/lib64/libgomp.so.1: no version information available (required by ./kmeans)
./kmeans: /soft/gcc-10.2.0/lib64/libgomp.so.1: no version information available (required by ./kmeans)
TEST = 1

WIDTH : 3840
HEIGHT: 2160
LENGHT: 8294400

STEP 1: K = 1
STEP 2: Init centroids
STEP 3: Updating centroids

Number of K-Means iterations: 2

Centroide 0 : R[119]	G[109]	B[96]

Time to Kmeans is 0 seconds and 277346 microseconds
Checksum value = 1245216

 Performance counter stats for './kmeans test 1 imagen.bmp':

       2574,609058      task-clock (msec)         #    4,347 CPUs utilized          
                40      context-switches          #    0,016 K/sec                  
                13      cpu-migrations            #    0,005 K/sec                  
               958      page-faults               #    0,372 K/sec                  
     6.650.709.606      cycles                    #    2,583 GHz                      (50,44%)
        54.726.126      stalled-cycles-frontend   #    0,82% frontend cycles idle     (50,21%)
     5.460.904.249      stalled-cycles-backend    #  82,11% backend cycles idle       (49,96%)
     2.466.305.850      instructions              #    0,37  insn per cycle         
                                                  #    2,21  stalled cycles per insn  (50,03%)
       438.015.675      branches                  #  170,129 M/sec                    (50,25%)
           144.945      branch-misses             #    0,03% of all branches          (50,56%)

       0,592266457 seconds time elapsed

./kmeans: /soft/gcc-10.2.0/lib64/libgomp.so.1: no version information available (required by ./kmeans)
./kmeans: /soft/gcc-10.2.0/lib64/libgomp.so.1: no version information available (required by ./kmeans)
./kmeans: /soft/gcc-10.2.0/lib64/libgomp.so.1: no version information available (required by ./kmeans)
./kmeans: /soft/gcc-10.2.0/lib64/libgomp.so.1: no version information available (required by ./kmeans)
./kmeans: /soft/gcc-10.2.0/lib64/libgomp.so.1: no version information available (required by ./kmeans)
./kmeans: /soft/gcc-10.2.0/lib64/libgomp.so.1: no version information available (required by ./kmeans)
./kmeans: /soft/gcc-10.2.0/lib64/libgomp.so.1: no version information available (required by ./kmeans)
./kmeans: /soft/gcc-10.2.0/lib64/libgomp.so.1: no version information available (required by ./kmeans)
./kmeans: /soft/gcc-10.2.0/lib64/libgomp.so.1: no version information available (required by ./kmeans)
./kmeans: /soft/gcc-10.2.0/lib64/libgomp.so.1: no version information available (required by ./kmeans)
./kmeans: /soft/gcc-10.2.0/lib64/libgomp.so.1: no version information available (required by ./kmeans)
./kmeans: /soft/gcc-10.2.0/lib64/libgomp.so.1: no version information available (required by ./kmeans)
