cpu-bind=MASK - clus11, task  0  0 [24089]: mask 0xfff set
Running tests for 1 threads
TEST = 1

WIDTH : 3840
HEIGHT: 2160
LENGHT: 8294400

STEP 1: K = 1
STEP 2: Init centroids
STEP 3: Updating centroids

Max number of threads: 12
Number of K-Means iterations: 2

Centroide 0 : R[119]	G[109]	B[96]

Time to Kmeans is 0 seconds and 168623 microseconds, 0.168623
Checksum value = 1245216

 Performance counter stats for './kmeans test 1 imagen.bmp':

       1641,352510      task-clock (msec)         #    3,177 CPUs utilized          
                92      context-switches          #    0,056 K/sec                  
                15      cpu-migrations            #    0,009 K/sec                  
             6.573      page-faults               #    0,004 M/sec                  
     4.249.737.172      cycles                    #    2,589 GHz                      (66,71%)
        57.862.447      stalled-cycles-frontend   #    1,36% frontend cycles idle     (66,80%)
     3.225.878.568      stalled-cycles-backend    #  75,91% backend cycles idle       (67,29%)
     2.079.865.992      instructions              #    0,49  insn per cycle         
                                                  #    1,55  stalled cycles per insn  (66,81%)
       442.075.919      branches                  #  269,336 M/sec                    (66,59%)
           224.338      branch-misses             #    0,05% of all branches          (66,65%)

       0,516581472 seconds time elapsed

slurmstepd: error: *** JOB 155059 ON clus11 CANCELLED AT 2023-03-21T19:32:30 ***
