cpu-bind=MASK - clus12, task  0  0 [57210]: mask 0xfff set
Running tests for 12 threads
TEST = 1

WIDTH : 3840
HEIGHT: 2160
LENGHT: 8294400

STEP 1: K = 1
STEP 2: Init centroids
STEP 3: Updating centroids

Max number of threads: 12
Number of K-Means iterations: 2

Centroide 0 : R[119]	G[109]	B[96]

Time to Kmeans is 0 seconds and 371511 microseconds, 0.371511
Checksum value = 1245216

 Performance counter stats for './kmeans test 1 imagen.bmp':

       3382,317698      task-clock (msec)         #    4,947 CPUs utilized          
                44      context-switches          #    0,013 K/sec                  
                13      cpu-migrations            #    0,004 K/sec                  
               951      page-faults               #    0,281 K/sec                  
     8.761.515.224      cycles                    #    2,590 GHz                      (66,71%)
        65.821.923      stalled-cycles-frontend   #    0,75% frontend cycles idle     (66,73%)
     7.312.460.472      stalled-cycles-backend    #  83,46% backend cycles idle       (66,81%)
     2.677.066.249      instructions              #    0,31  insn per cycle         
                                                  #    2,73  stalled cycles per insn  (66,82%)
       436.696.447      branches                  #  129,112 M/sec                    (66,60%)
           152.549      branch-misses             #    0,03% of all branches          (66,66%)

       0,683687408 seconds time elapsed

Running test with 12 test for k = 64
/var/spool/slurmd/job155936/slurm_script: línea 39: 57248 Rebasado el límite de tiempo de CPU            (`core' generado) ./kmeans test 64 imagen.bmp > ./kmeans64/output_${current_num_threads}_threads_test.out
